#
# There is insufficient memory for the Java Runtime Environment to continue.
# Native memory allocation (mmap) failed to map 232783872 bytes for G1 virtual space
# Possible reasons:
#   The system is out of physical RAM or swap space
#   The process is running with CompressedOops enabled, and the Java Heap may be blocking the growth of the native heap
# Possible solutions:
#   Reduce memory load on the system
#   Increase physical memory or swap space
#   Check if swap backing store is full
#   Decrease Java heap size (-Xmx/-Xms)
#   Decrease number of Java threads
#   Decrease Java thread stack sizes (-Xss)
#   Set larger code cache with -XX:ReservedCodeCacheSize=
#   JVM is running with Zero Based Compressed Oops mode in which the Java heap is
#     placed in the first 32GB address space. The Java Heap base address is the
#     maximum limit for the native heap growth. Please use -XX:HeapBaseMinAddress
#     to set the Java Heap base and to place the Java Heap above 32GB virtual address.
# This output file may be truncated or incomplete.
#
#  Out of Memory Error (os_windows.cpp:3769), pid=8956, tid=12248
#
# JRE version:  (17.0.6) (build )
# Java VM: OpenJDK 64-Bit Server VM (17.0.6+0-b2043.56-10027231, mixed mode, sharing, tiered, compressed oops, compressed class ptrs, g1 gc, windows-amd64)
# No core dump will be written. Minidumps are not enabled by default on client versions of Windows
#

---------------  S U M M A R Y ------------

Command Line: git4idea.http.GitAskPassApp Username for 'https://github.com': 

Host: AMD Ryzen 7 5800H with Radeon Graphics         , 16 cores, 13G,  Windows 10 , 64 bit Build 19041 (10.0.19041.2251)
Time: Thu Nov  2 18:00:49 2023  Windows 10 , 64 bit Build 19041 (10.0.19041.2251) elapsed time: 0.006635 seconds (0d 0h 0m 0s)

---------------  T H R E A D  ---------------

Current thread (0x000001a9d393d990):  JavaThread "Unknown thread" [_thread_in_vm, id=12248, stack(0x0000003b11f00000,0x0000003b12000000)]

Stack: [0x0000003b11f00000,0x0000003b12000000]
Native frames: (J=compiled Java code, j=interpreted, Vv=VM code, C=native code)
V  [jvm.dll+0x683c9a]
V  [jvm.dll+0x8427a4]
V  [jvm.dll+0x843f9e]
V  [jvm.dll+0x844603]
V  [jvm.dll+0x249b75]
V  [jvm.dll+0x680b69]
V  [jvm.dll+0x67505a]
V  [jvm.dll+0x309acb]
V  [jvm.dll+0x310f86]
V  [jvm.dll+0x3608ee]
V  [jvm.dll+0x360b1f]
V  [jvm.dll+0x2dfbf8]
V  [jvm.dll+0x2e0b64]
V  [jvm.dll+0x814091]
V  [jvm.dll+0x36e6a1]
V  [jvm.dll+0x7f35cc]
V  [jvm.dll+0x3f0e8f]
V  [jvm.dll+0x3f29d1]
C  [jli.dll+0x526b]
C  [ucrtbase.dll+0x21bb2]
C  [KERNEL32.DLL+0x174b4]
C  [ntdll.dll+0x526a1]


---------------  P R O C E S S  ---------------

Threads class SMR info:
_java_thread_list=0x00007ff8e6cec058, length=0, elements={
}

Java Threads: ( => current thread )

Other Threads:
  0x000001a9d399c290 GCTaskThread "GC Thread#0" [stack: 0x0000003b12000000,0x0000003b12100000] [id=11228]
  0x000001a9d39aaf90 ConcurrentGCThread "G1 Main Marker" [stack: 0x0000003b12100000,0x0000003b12200000] [id=11132]
  0x000001a9d39ac140 ConcurrentGCThread "G1 Conc#0" [stack: 0x0000003b12200000,0x0000003b12300000] [id=6160]

[error occurred during error reporting (printing all threads), id 0xc0000005, EXCEPTION_ACCESS_VIOLATION (0xc0000005) at pc=0x00007ff8e64a0797]

VM state: not at safepoint (not fully initialized)

VM Mutex/Monitor currently owned by a thread:  ([mutex/lock_event])
[0x000001a9d3939c10] Heap_lock - owner thread: 0x000001a9d393d990

Heap address: 0x0000000722400000, size: 3548 MB, Compressed Oops mode: Zero based, Oop shift amount: 3

CDS archive(s) mapped at: [0x0000000000000000-0x0000000000000000-0x0000000000000000), size 0, SharedBaseAddress: 0x0000000800000000, ArchiveRelocationMode: 0.
Narrow klass base: 0x0000000000000000, Narrow klass shift: 0, Narrow klass range: 0x0

GC Precious Log:
<Empty>

Heap:
 garbage-first heap   total 0K, used 0K [0x0000000722400000, 0x0000000800000000)
  region size 2048K, 0 young (0K), 0 survivors (0K)

[error occurred during error reporting (printing heap information), id 0xc0000005, EXCEPTION_ACCESS_VIOLATION (0xc0000005) at pc=0x00007ff8e688da89]

GC Heap History (0 events):
No events

Dll operation events (1 events):
Event: 0.003 Loaded shared library D:\Programs\Android Studio\jbr\bin\java.dll

Deoptimization events (0 events):
No events

Classes unloaded (0 events):
No events

Classes redefined (0 events):
No events

Internal exceptions (0 events):
No events

VM Operations (0 events):
No events

Events (0 events):
No events


Dynamic libraries:
0x00007ff70e830000 - 0x00007ff70e83a000 	D:\Programs\Android Studio\jbr\bin\java.exe
0x00007ff932fb0000 - 0x00007ff9331a8000 	C:\WINDOWS\SYSTEM32\ntdll.dll
0x00007ff932b50000 - 0x00007ff932c0f000 	C:\WINDOWS\System32\KERNEL32.DLL
0x00007ff930ca0000 - 0x00007ff930f72000 	C:\WINDOWS\System32\KERNELBASE.dll
0x00007ff9306e0000 - 0x00007ff9307e0000 	C:\WINDOWS\System32\ucrtbase.dll
0x00007ff91ef40000 - 0x00007ff91ef57000 	D:\Programs\Android Studio\jbr\bin\jli.dll
0x00007ff92c080000 - 0x00007ff92c09b000 	D:\Programs\Android Studio\jbr\bin\VCRUNTIME140.dll
0x00007ff932950000 - 0x00007ff932aed000 	C:\WINDOWS\System32\USER32.dll
0x00007ff930fd0000 - 0x00007ff930ff2000 	C:\WINDOWS\System32\win32u.dll
0x00007ff919ec0000 - 0x00007ff91a15a000 	C:\WINDOWS\WinSxS\amd64_microsoft.windows.common-controls_6595b64144ccf1df_6.0.19041.1110_none_60b5254171f9507e\COMCTL32.dll
0x00007ff932000000 - 0x00007ff93202b000 	C:\WINDOWS\System32\GDI32.dll
0x00007ff931c70000 - 0x00007ff931d0e000 	C:\WINDOWS\System32\msvcrt.dll
0x00007ff9307e0000 - 0x00007ff9308ef000 	C:\WINDOWS\System32\gdi32full.dll
0x00007ff930c00000 - 0x00007ff930c9d000 	C:\WINDOWS\System32\msvcp_win.dll
0x00007ff931af0000 - 0x00007ff931b22000 	C:\WINDOWS\System32\IMM32.DLL
0x00007ff92c040000 - 0x00007ff92c04c000 	D:\Programs\Android Studio\jbr\bin\vcruntime140_1.dll
0x00007ff91c470000 - 0x00007ff91c4fd000 	D:\Programs\Android Studio\jbr\bin\msvcp140.dll
0x00007ff8e61b0000 - 0x00007ff8e6e1e000 	D:\Programs\Android Studio\jbr\bin\server\jvm.dll
0x00007ff9310b0000 - 0x00007ff93115e000 	C:\WINDOWS\System32\ADVAPI32.dll
0x00007ff932040000 - 0x00007ff9320dc000 	C:\WINDOWS\System32\sechost.dll
0x00007ff931ed0000 - 0x00007ff931ff5000 	C:\WINDOWS\System32\RPCRT4.dll
0x00007ff92b850000 - 0x00007ff92b859000 	C:\WINDOWS\SYSTEM32\WSOCK32.dll
0x00007ff925070000 - 0x00007ff925097000 	C:\WINDOWS\SYSTEM32\WINMM.dll
0x00007ff9328e0000 - 0x00007ff93294b000 	C:\WINDOWS\System32\WS2_32.dll
0x00007ff928e00000 - 0x00007ff928e0a000 	C:\WINDOWS\SYSTEM32\VERSION.dll
0x00007ff92e570000 - 0x00007ff92e582000 	C:\WINDOWS\SYSTEM32\kernel.appcore.dll
0x00007ff92be10000 - 0x00007ff92be1a000 	D:\Programs\Android Studio\jbr\bin\jimage.dll
0x00007ff9276b0000 - 0x00007ff927894000 	C:\WINDOWS\SYSTEM32\DBGHELP.DLL
0x00007ff91d870000 - 0x00007ff91d89c000 	C:\WINDOWS\SYSTEM32\dbgcore.DLL
0x00007ff9308f0000 - 0x00007ff930972000 	C:\WINDOWS\System32\bcryptPrimitives.dll
0x00007ff92b8c0000 - 0x00007ff92b8e5000 	D:\Programs\Android Studio\jbr\bin\java.dll

dbghelp: loaded successfully - version: 4.0.5 - missing functions: none
symbol engine: initialized successfully - sym options: 0x614 - pdb path: .;D:\Programs\Android Studio\jbr\bin;C:\WINDOWS\SYSTEM32;C:\WINDOWS\WinSxS\amd64_microsoft.windows.common-controls_6595b64144ccf1df_6.0.19041.1110_none_60b5254171f9507e;D:\Programs\Android Studio\jbr\bin\server

VM Arguments:
java_command: git4idea.http.GitAskPassApp Username for 'https://github.com': 
java_class_path (initial): D:/Programs/Android Studio/plugins/vcs-git/lib/git4idea-rt.jar;D:/Programs/Android Studio/lib/externalProcess-rt.jar;D:/Programs/Android Studio/lib/app.jar;D:/Programs/Android Studio/lib/3rd-party-rt.jar
Launcher Type: SUN_STANDARD

[Global flags]
     intx CICompilerCount                          = 12                                        {product} {ergonomic}
     uint ConcGCThreads                            = 3                                         {product} {ergonomic}
     uint G1ConcRefinementThreads                  = 13                                        {product} {ergonomic}
   size_t G1HeapRegionSize                         = 2097152                                   {product} {ergonomic}
    uintx GCDrainStackTargetSize                   = 64                                        {product} {ergonomic}
   size_t InitialHeapSize                          = 232783872                                 {product} {ergonomic}
   size_t MarkStackSize                            = 4194304                                   {product} {ergonomic}
   size_t MaxHeapSize                              = 3720347648                                {product} {ergonomic}
   size_t MinHeapDeltaBytes                        = 2097152                                   {product} {ergonomic}
   size_t MinHeapSize                              = 8388608                                   {product} {ergonomic}
    uintx NonNMethodCodeHeapSize                   = 7602480                                {pd product} {ergonomic}
    uintx NonProfiledCodeHeapSize                  = 122027880                              {pd product} {ergonomic}
    uintx ProfiledCodeHeapSize                     = 122027880                              {pd product} {ergonomic}
    uintx ReservedCodeCacheSize                    = 251658240                              {pd product} {ergonomic}
     bool SegmentedCodeCache                       = true                                      {product} {ergonomic}
   size_t SoftMaxHeapSize                          = 3720347648                             {manageable} {ergonomic}
     bool UseCompressedClassPointers               = true                           {product lp64_product} {ergonomic}
     bool UseCompressedOops                        = true                           {product lp64_product} {ergonomic}
     bool UseG1GC                                  = true                                      {product} {ergonomic}
     bool UseLargePagesIndividualAllocation        = false                                  {pd product} {ergonomic}

Logging:
Log output configuration:
 #0: stdout all=warning uptime,level,tags
 #1: stderr all=off uptime,level,tags

Environment Variables:
JAVA_HOME=C:\Program Files\Android\Android Studio\jre
PATH=C:\Program Files\Git\mingw64\libexec\git-core;C:\Program Files\Git\mingw64\libexec\git-core;C:\Program Files\Git\mingw64\bin;C:\Program Files\Git\usr\bin;C:\Users\Мадина\bin;C:\Program Files\Common Files\Oracle\Java\javapath;C:\WINDOWS\system32;C:\WINDOWS;C:\WINDOWS\System32\Wbem;C:\WINDOWS\System32\WindowsPowerShell\v1.0;C:\Program Files\Java\jdk-19\bin;C:\Program Files (x86)\NVIDIA Corporation\PhysX\Common;C:\Program Files\NVIDIA Corporation\NVIDIA NvDLISR;C:\Program Files\Git\cmd;C:\Users\Мадина\Android development\flutter\bin;C:\Users\Мадина\AppData\Local\Programs\Python\Python310\Scripts;C:\Users\Мадина\AppData\Local\Programs\Python\Python310;C:\Users\Мадина\AppData\Local\Programs\Python\Python311\Scripts;C:\Users\Мадина\AppData\Local\Programs\Python\Python311;C:\Users\Мадина\AppData\Local\Microsoft\WindowsApps;C:\Program Files\JetBrains\PyCharm Community Edition 2022.3\bin;C:\Program Files\JetBrains\PyCharm Community Edition with Anaconda plugin 2020.1.5\bin;C:\Users\Мадина\AppData\Local\GitHubDesktop\bin;D:\Programs\GoLand 2023.1.4\bin;D:\Programs\GoLand 2023.1.2\bin;D:\Programs\go1.20.4\bin;C:\Program Files\JetBrains\IntelliJ IDEA 2023.2.3\bin
USERNAME=Мадина
DISPLAY=:0.0
LC_ALL=en_US.UTF-8
TERM=xterm-256color
TMPDIR=C:\Users\6DE3~1\AppData\Local\Temp
OS=Windows_NT
PROCESSOR_IDENTIFIER=AMD64 Family 25 Model 80 Stepping 0, AuthenticAMD
TMP=C:\Users\6DE3~1\AppData\Local\Temp
TEMP=C:\Users\6DE3~1\AppData\Local\Temp


JNI global refs:

[error occurred during error reporting (JNI global references), id 0xc0000005, EXCEPTION_ACCESS_VIOLATION (0xc0000005) at pc=0x00007ff8e6267a10]


---------------  S Y S T E M  ---------------

OS:
 Windows 10 , 64 bit Build 19041 (10.0.19041.2251)
OS uptime: 0 days 6:23 hours

CPU: total 16 (initial active 16) (16 cores per cpu, 2 threads per core) family 25 model 80 stepping 0 microcode 0x0, cx8, cmov, fxsr, ht, mmx, 3dnowpref, sse, sse2, sse3, ssse3, sse4a, sse4.1, sse4.2, popcnt, lzcnt, tsc, tscinvbit, avx, avx2, aes, erms, clmul, bmi1, bmi2, adx, sha, fma, vzeroupper, clflush, clflushopt

Memory: 4k page, system-wide physical 14188M (2871M free)
TotalPageFile size 14188M (AvailPageFile size 25M)
current process WorkingSet (physical memory assigned to process): 10M, peak: 10M
current process commit charge ("private bytes"): 70M, peak: 292M

vm_info: OpenJDK 64-Bit Server VM (17.0.6+0-b2043.56-10027231) for windows-amd64 JRE (17.0.6+0-b2043.56-10027231), built on Apr 28 2023 00:43:19 by "androidbuild" with MS VC++ 16.10 / 16.11 (VS2019)

END.
